\BOOKMARK [1][-]{section.1}{Context}{}% 1
\BOOKMARK [1][-]{section.2}{Objectives}{}% 2
\BOOKMARK [1][-]{section.3}{Features\040Supporting\040Objectives}{}% 3
\BOOKMARK [1][-]{section.4}{Requirements\040to\040Implement\040Features}{}% 4
\BOOKMARK [2][-]{subsection.4.1}{Use\040of\040Frameworks\040in\040Development}{section.4}% 5
\BOOKMARK [1][-]{section.5}{Development\040Environment}{}% 6
\BOOKMARK [2][-]{subsection.5.1}{Front\040End\040Framework:\040Bootstrap}{section.5}% 7
\BOOKMARK [2][-]{subsection.5.2}{Back\040End\040Framework:\040Laravel\0405.2}{section.5}% 8
\BOOKMARK [2][-]{subsection.5.3}{Local\040Development}{section.5}% 9
\BOOKMARK [1][-]{section.6}{Source\040Control}{}% 10
\BOOKMARK [2][-]{subsection.6.1}{Git\040Project\040Name\040Selection}{section.6}% 11
\BOOKMARK [1][-]{section.7}{Acceptance\040Criteria}{}% 12
\BOOKMARK [1][-]{section.8}{Personnel\040Roles}{}% 13
\BOOKMARK [2][-]{subsection.8.1}{Team\040Leader}{section.8}% 14
\BOOKMARK [2][-]{subsection.8.2}{Deputy\040Leader}{section.8}% 15
\BOOKMARK [2][-]{subsection.8.3}{Test\040Leader}{section.8}% 16
\BOOKMARK [2][-]{subsection.8.4}{Test\040Programmer}{section.8}% 17
\BOOKMARK [2][-]{subsection.8.5}{Technical\040Librarian}{section.8}% 18
\BOOKMARK [2][-]{subsection.8.6}{Technical\040Writer}{section.8}% 19
\BOOKMARK [2][-]{subsection.8.7}{General\040Programmer}{section.8}% 20
\BOOKMARK [2][-]{subsection.8.8}{Team\040Testing\040Structure}{section.8}% 21
\BOOKMARK [1][-]{section.9}{Team\040Members}{}% 22
\BOOKMARK [1][-]{section.10}{Team\040Organization}{}% 23
\BOOKMARK [1][-]{section.11}{Preliminary\040Design}{}% 24
